lif.corpus Thu Feb 27 08:02:19 PM EST 2025	0/0	Error E_ZERODIVZERO	\|	0/0	Error E_ZERODIVZERO
lif.corpus Thu Feb 27 08:04:13 PM EST 2025	0/0	Error E_ZERODIVZERO	\|	0/0	Error E_ZERODIVZERO
lif.corpus Thu Feb 27 08:08:57 PM EST 2025	0/0	Error E_ZERODIVZERO	\|	0/0	Error E_ZERODIVZERO
lif.corpus Thu Feb 27 08:09:02 PM EST 2025	102/1163	~0.08770421324161650903	\|	1221/1163	~1.04987102321582115219
lif.corpus Sat Mar 1 08:53:49 PM EST 2025	1/1	1	\|	1/1	1
lif.corpus Sat Mar 1 08:54:51 PM EST 2025	102/1163	~0.08770421324161650903	\|	1221/1163	~1.04987102321582115219
lif.corpus Mon Mar 3 05:13:31 PM EST 2025	176/1163	~0.15133276010318142734	\|	1221/1163	~1.04987102321582115219
lif.corpus Thu Mar 6 12:19:26 PM EST 2025	135/1163	~0.11607910576096302666	\|	1221/1163	~1.04987102321582115219
lif.corpus Thu Mar 6 12:24:00 PM EST 2025	135/1163	~0.11607910576096302666	\|	1221/1163	~1.04987102321582115219
lif.corpus Tue Mar 11 01:54:56 PM EDT 2025	135/1163	~0.11607910576096302666	\|	1221/1163	~1.04987102321582115219
lif.corpus Tue Mar 11 02:00:00 PM EDT 2025	135/1163	~0.11607910576096302666	\|	1221/1163	~1.04987102321582115219
lif.corpus Tue Mar 11 02:00:35 PM EDT 2025	176/1163	~0.15133276010318142734	\|	1221/1163	~1.04987102321582115219
lif.corpus Tue Mar 11 02:04:54 PM EDT 2025	176/1163	~0.15133276010318142734	\|	1221/1163	~1.04987102321582115219
lif.corpus Tue Mar 11 02:35:29 PM EDT 2025	176/1163	~0.15133276010318142734	\|	1221/1163	~1.04987102321582115219
lif.corpus Tue Mar 11 04:32:05 PM EDT 2025	1/1	1	\|	1/1	1
lif.corpus Tue Mar 11 04:32:20 PM EDT 2025	176/1163	~0.15133276010318142734	\|	1221/1163	~1.04987102321582115219
lif.corpus Tue Mar 11 05:32:29 PM EDT 2025	176/1163	~0.15133276010318142734	\|	1221/1163	~1.04987102321582115219
lif.corpus Tue Mar 11 05:33:53 PM EDT 2025	176/1163	~0.15133276010318142734	\|	1221/1163	~1.04987102321582115219
lif.bible Tue Mar 11 11:35:50 PM EDT 2025	80552/715052	~0.11265194699126776794	\|	812716/715052	~1.13658307367855764336
lif.corpus Wed Mar 12 12:03:14 AM EDT 2025	176/1163	~0.15133276010318142734	\|	1221/1163	~1.04987102321582115219
lif.bible Wed Mar 12 12:04:01 AM EDT 2025	80552/715052	~0.11265194699126776794	\|	812716/715052	~1.13658307367855764336
lif.corpus Wed Mar 12 12:16:57 AM EDT 2025	176/1163	~0.15133276010318142734	\|	1221/1163	~1.04987102321582115219
lif.corpus Wed Mar 12 12:18:07 AM EDT 2025	176/1163	~0.15133276010318142734	\|	1221/1163	~1.04987102321582115219
lif.corpus Wed Mar 12 08:50:38 PM EDT 2025	195/1163	~0.16766981943250214961	\|	1221/1163	~1.04987102321582115219
lif.bible Wed Mar 12 08:52:43 PM EDT 2025	90474/715052	~0.12652786091081487780	\|	812716/715052	~1.13658307367855764336
lif.corpus Wed Mar 26 06:18:12 PM EDT 2025	251/1163	~0.21582115219260533104	\|	1262/1163	~1.08512467755803955288
lif.corpus Wed Mar 26 06:20:54 PM EDT 2025	1/1	1	\|	1/1	1
lif.bible Wed Mar 26 06:21:10 PM EDT 2025	125823/714336	~0.17613979975809702997	\|	815900/714336	~1.14217959055682479953
lif.eval Wed Mar 26 06:24:56 PM EDT 2025	61/159	~0.38364779874213836478	\|	277/159	~1.74213836477987421384
